<?xml version="1.0" encoding="UTF-8"?>
<!-- Generated by org.testng.reporters.JUnitXMLReporter -->
<testsuite hostname="DESKTOP-OUBE3OH" failures="0" tests="2" name="Command line test 8b61a4af-2faf-42ff-8578-83e67608dfe8" time="9.371" errors="0" timestamp="10 Jan 2024 15:42:29 GMT">
  <testcase classname="org.testing.TestScripts.Final_TC2" name="@BeforeMethod TestCase_TC1_Login" time="0.0">
    <failure type="org.openqa.selenium.NoSuchWindowException" message="no such window: target window already closed
from unknown error: web view not found
  (Session info: chrome=120.0.6099.201)
Build info: version: &amp;apos;4.15.0&amp;apos;, revision: &amp;apos;1d14b5521b&amp;apos;
System info: os.name: &amp;apos;Windows 10&amp;apos;, os.arch: &amp;apos;amd64&amp;apos;, os.version: &amp;apos;10.0&amp;apos;, java.version: &amp;apos;17.0.9&amp;apos;
Driver info: org.openqa.selenium.chrome.ChromeDriver
Command: [bb006fa0b62ba5bad65963e1f9307401, findElement {using=xpath, value=(//div[@class=&amp;apos;yt-spec-touch-feedback-shape__fill&amp;apos;])[4]}]
Capabilities {acceptInsecureCerts: false, browserName: chrome, browserVersion: 120.0.6099.201, chrome: {chromedriverVersion: 120.0.6099.109 (3419140ab66..., userDataDir: C:\WINDOWS\SystemTemp\scope...}, fedcm:accounts: true, goog:chromeOptions: {debuggerAddress: localhost:51597}, networkConnectionEnabled: false, pageLoadStrategy: normal, platformName: windows, proxy: Proxy(), se:cdp: ws://localhost:51597/devtoo..., se:cdpVersion: 120.0.6099.201, setWindowRect: true, strictFileInteractability: false, timeouts: {implicit: 0, pageLoad: 300000, script: 30000}, unhandledPromptBehavior: dismiss and notify, webauthn:extension:credBlob: true, webauthn:extension:largeBlob: true, webauthn:extension:minPinLength: true, webauthn:extension:prf: true, webauthn:virtualAuthenticators: true}
Session ID: bb006fa0b62ba5bad65963e1f9307401">
      <![CDATA[org.openqa.selenium.NoSuchWindowException: no such window: target window already closed
from unknown error: web view not found
  (Session info: chrome=120.0.6099.201)
Build info: version: '4.15.0', revision: '1d14b5521b'
System info: os.name: 'Windows 10', os.arch: 'amd64', os.version: '10.0', java.version: '17.0.9'
Driver info: org.openqa.selenium.chrome.ChromeDriver
Command: [bb006fa0b62ba5bad65963e1f9307401, findElement {using=xpath, value=(//div[@class='yt-spec-touch-feedback-shape__fill'])[4]}]
Capabilities {acceptInsecureCerts: false, browserName: chrome, browserVersion: 120.0.6099.201, chrome: {chromedriverVersion: 120.0.6099.109 (3419140ab66..., userDataDir: C:\WINDOWS\SystemTemp\scope...}, fedcm:accounts: true, goog:chromeOptions: {debuggerAddress: localhost:51597}, networkConnectionEnabled: false, pageLoadStrategy: normal, platformName: windows, proxy: Proxy(), se:cdp: ws://localhost:51597/devtoo..., se:cdpVersion: 120.0.6099.201, setWindowRect: true, strictFileInteractability: false, timeouts: {implicit: 0, pageLoad: 300000, script: 30000}, unhandledPromptBehavior: dismiss and notify, webauthn:extension:credBlob: true, webauthn:extension:largeBlob: true, webauthn:extension:minPinLength: true, webauthn:extension:prf: true, webauthn:virtualAuthenticators: true}
Session ID: bb006fa0b62ba5bad65963e1f9307401
	at org.openqa.selenium.remote.codec.w3c.W3CHttpResponseCodec.createException(W3CHttpResponseCodec.java:200)
	at org.openqa.selenium.remote.codec.w3c.W3CHttpResponseCodec.decode(W3CHttpResponseCodec.java:133)
	at org.openqa.selenium.remote.codec.w3c.W3CHttpResponseCodec.decode(W3CHttpResponseCodec.java:52)
	at org.openqa.selenium.remote.HttpCommandExecutor.execute(HttpCommandExecutor.java:191)
	at org.openqa.selenium.remote.service.DriverCommandExecutor.invokeExecute(DriverCommandExecutor.java:200)
	at org.openqa.selenium.remote.service.DriverCommandExecutor.execute(DriverCommandExecutor.java:175)
	at org.openqa.selenium.remote.RemoteWebDriver.execute(RemoteWebDriver.java:607)
	at org.openqa.selenium.remote.ElementLocation$ElementFinder$2.findElement(ElementLocation.java:165)
	at org.openqa.selenium.remote.ElementLocation.findElement(ElementLocation.java:59)
	at org.openqa.selenium.remote.RemoteWebDriver.findElement(RemoteWebDriver.java:364)
	at org.openqa.selenium.remote.RemoteWebDriver.findElement(RemoteWebDriver.java:358)
	at org.testing.Pages.Login_Page.sign_in(Login_Page.java:32)
	at org.testing.TestScripts.Final_TC2.TestCase_TC1_Login(Final_TC2.java:20)
	at org.testing.trigger.Runner.main(Runner.java:53)
... Removed 28 stack frames]]>
    </failure>
  </testcase> <!-- @BeforeMethod TestCase_TC1_Login -->
  <testcase classname="org.testing.TestScripts.Final_TC2" name="@AfterMethod TestCase_TC1_Logout" time="0.0">
    <skipped/>
  </testcase> <!-- @AfterMethod TestCase_TC1_Logout -->
  <testcase classname="org.testing.TestScripts.Final_TC2" name="@AfterClass browser_close" time="0.0">
    <skipped/>
  </testcase> <!-- @AfterClass browser_close -->
  <testcase classname="org.testing.TestScripts.Final_TC3" name="@BeforeClass browser_launch" time="0.0">
    <skipped/>
  </testcase> <!-- @BeforeClass browser_launch -->
  <testcase classname="org.testing.TestScripts.Final_TC3" name="@BeforeMethod TestCase_TC1_Login" time="0.0">
    <skipped/>
  </testcase> <!-- @BeforeMethod TestCase_TC1_Login -->
  <testcase classname="org.testing.TestScripts.Final_TC3" name="@AfterMethod TestCase_TC1_Logout" time="0.0">
    <skipped/>
  </testcase> <!-- @AfterMethod TestCase_TC1_Logout -->
  <testcase classname="org.testing.TestScripts.Final_TC3" name="@AfterClass browser_close" time="0.0">
    <skipped/>
  </testcase> <!-- @AfterClass browser_close -->
  <testcase classname="org.testing.TestScripts.Final_TC2" name="Click_History" time="0.0">
    <skipped/>
  </testcase> <!-- Click_History -->
  <testcase classname="org.testing.TestScripts.Final_TC3" name="Click_Subscription" time="0.0">
    <skipped/>
  </testcase> <!-- Click_Subscription -->
</testsuite> <!-- Command line test 8b61a4af-2faf-42ff-8578-83e67608dfe8 -->
